<?xml version="1.0" encoding="UTF-8"?>
<!-- Generated by org.testng.reporters.JUnitXMLReporter -->
<testsuite ignored="0" hostname="DESKTOP-40SP35D" failures="0" tests="4" name="Test" time="0.03" errors="0" timestamp="2022-06-23T17:38:19 PDT">
  <testcase classname="qaclickacademy.mavenjava.SeleniumTest" name="BrowserAutomation" time="0.004"/>
  <testcase classname="qaclickacademy.mavenjava.SeleniumTest" name="elements" time="0.0"/>
  <testcase classname="qaclickacademy.mavenjava.RESTAPITest" name="deleteTwitter" time="0.001"/>
  <testcase classname="qaclickacademy.mavenjava.RESTAPITest" name="postJira" time="0.0"/>
</testsuite> <!-- Test -->
