<?xml version="1.0" encoding="UTF-8"?>
<testng-results ignored="0" total="4" passed="4" failed="0" skipped="0">
  <reporter-output>
  </reporter-output>
  <suite started-at="2022-06-23T17:38:18 PDT" name="Suite" finished-at="2022-06-23T17:38:18 PDT" duration-ms="30">
    <groups>
    </groups>
    <test started-at="2022-06-23T17:38:18 PDT" name="Test" finished-at="2022-06-23T17:38:18 PDT" duration-ms="30">
      <class name="qaclickacademy.mavenjava.RESTAPITest">
        <test-method signature="deleteTwitter()[pri:0, instance:qaclickacademy.mavenjava.RESTAPITest@433d61fb]" started-at="2022-06-23T17:38:18 PDT" name="deleteTwitter" finished-at="2022-06-23T17:38:18 PDT" duration-ms="1" status="PASS">
          <reporter-output>
          </reporter-output>
        </test-method> <!-- deleteTwitter -->
        <test-method signature="postJira()[pri:0, instance:qaclickacademy.mavenjava.RESTAPITest@433d61fb]" started-at="2022-06-23T17:38:18 PDT" name="postJira" finished-at="2022-06-23T17:38:18 PDT" duration-ms="0" status="PASS">
          <reporter-output>
          </reporter-output>
        </test-method> <!-- postJira -->
      </class> <!-- qaclickacademy.mavenjava.RESTAPITest -->
      <class name="qaclickacademy.mavenjava.SeleniumTest">
        <test-method signature="BrowserAutomation()[pri:0, instance:qaclickacademy.mavenjava.SeleniumTest@1e802ef9]" started-at="2022-06-23T17:38:18 PDT" name="BrowserAutomation" finished-at="2022-06-23T17:38:18 PDT" duration-ms="4" status="PASS">
          <reporter-output>
          </reporter-output>
        </test-method> <!-- BrowserAutomation -->
        <test-method signature="elements()[pri:0, instance:qaclickacademy.mavenjava.SeleniumTest@1e802ef9]" started-at="2022-06-23T17:38:18 PDT" name="elements" finished-at="2022-06-23T17:38:18 PDT" duration-ms="0" status="PASS">
          <reporter-output>
          </reporter-output>
        </test-method> <!-- elements -->
      </class> <!-- qaclickacademy.mavenjava.SeleniumTest -->
    </test> <!-- Test -->
  </suite> <!-- Suite -->
</testng-results>
